<?xml version="1.0" encoding="UTF-8"?>
<beans:beans xmlns="http://www.springframework.org/schema/beans"
       xmlns:xsi="http://www.w3.org/2001/XMLSchema-instance" xmlns:jdbc="http://www.springframework.org/schema/jdbc"
       xmlns:tx="http://www.springframework.org/schema/tx"
       xmlns:beans="http://www.springframework.org/schema/beans"
       xsi:schemaLocation="http://www.springframework.org/schema/beans http://www.springframework.org/schema/beans/spring-beans.xsd
	         http://www.springframework.org/schema/tx
             http://www.springframework.org/schema/tx/spring-tx.xsd
	         http://www.springframework.org/schema/jdbc
	         http://www.springframework.org/schema/jdbc/spring-jdbc.xsd">

    <jdbc:embedded-database id="dataSource" type="HSQL"/>

    <beans:bean id="sessionFactory" class="org.springframework.orm.hibernate5.LocalSessionFactoryBean">
        <beans:property name="dataSource" ref="dataSource"/>
        <beans:property name="configLocation" value="hibernate/hibernate.cfg.xml"/>
        <beans:property name="annotatedClasses">
            <beans:list>
                <beans:value>com.test.task.entity.Client</beans:value>
            </beans:list>
        </beans:property>
    </beans:bean>

    <beans:bean id="transactionManager" class="org.springframework.orm.hibernate5.HibernateTransactionManager">
        <beans:property name="sessionFactory" ref="sessionFactory"/>
    </beans:bean>

    <beans:bean id="clientService" class="com.test.task.service.serviceImpl.ClientServiceImpl">
        <beans:property name="dao" ref="clientDao"/>
    </beans:bean>

    <beans:bean id="clientDao" class="com.test.task.dao.daoImpl.ClientDaoImpl">
        <beans:property name="sessionFactory" ref="sessionFactory"/>
    </beans:bean>

    <tx:annotation-driven transaction-manager="transactionManager" proxy-target-class="true"/>

</beans:beans>